Added Component: Designator=P1(HDR1X13)
Add component. Clean all parameters for all variants
Add component (AddParameter): Name = "LatestRevisionDate"; Value = "17-Jul-2002"; VariantName = "[No Variations]"
Add component (AddParameter): Name = "LatestRevisionNote"; Value = "Re-released for DXP Platform."; VariantName = "[No Variations]"
Add component (AddParameter): Name = "Publisher"; Value = "Altium Limited"; VariantName = "[No Variations]"
Added Pin To Net: NetName=NetIC1_34 Pin=IC1-34
Added Pin To Net: NetName=NetIC1_34 Pin=P1-1
Added Net: Name=NetIC1_34
Added Pin To Net: NetName=NetIC1_35 Pin=IC1-35
Added Pin To Net: NetName=NetIC1_35 Pin=P1-2
Added Net: Name=NetIC1_35
Added Pin To Net: NetName=NetIC1_36 Pin=IC1-36
Added Pin To Net: NetName=NetIC1_36 Pin=P1-3
Added Net: Name=NetIC1_36
Added Pin To Net: NetName=NetIC1_37 Pin=IC1-37
Added Pin To Net: NetName=NetIC1_37 Pin=P1-4
Added Net: Name=NetIC1_37
Added Pin To Net: NetName=NetIC1_38 Pin=IC1-38
Added Pin To Net: NetName=NetIC1_38 Pin=P1-5
Added Net: Name=NetIC1_38
Added Pin To Net: NetName=NetIC1_39 Pin=IC1-39
Added Pin To Net: NetName=NetIC1_39 Pin=P1-6
Added Net: Name=NetIC1_39
Added Pin To Net: NetName=NetIC1_40 Pin=IC1-40
Added Pin To Net: NetName=NetIC1_40 Pin=P1-7
Added Net: Name=NetIC1_40
Added Pin To Net: NetName=NetIC1_41 Pin=IC1-41
Added Pin To Net: NetName=NetIC1_41 Pin=P1-8
Added Net: Name=NetIC1_41
Added Pin To Net: NetName=NetIC1_42 Pin=IC1-42
Added Pin To Net: NetName=NetIC1_42 Pin=P1-9
Added Net: Name=NetIC1_42
Added Pin To Net: NetName=NetIC1_43 Pin=IC1-43
Added Pin To Net: NetName=NetIC1_43 Pin=P1-10
Added Net: Name=NetIC1_43
Added Pin To Net: NetName=NetIC1_44 Pin=IC1-44
Added Pin To Net: NetName=NetIC1_44 Pin=P1-11
Added Net: Name=NetIC1_44
Added Pin To Net: NetName=NetIC1_45 Pin=IC1-45
Added Pin To Net: NetName=NetIC1_45 Pin=P1-12
Added Net: Name=NetIC1_45
Added Pin To Net: NetName=NetIC1_46 Pin=IC1-46
Added Pin To Net: NetName=NetIC1_46 Pin=P1-13
Added Net: Name=NetIC1_46
Added Member To Class: ClassName=MCU Member=Component P1 Header 13
Added Member To Class: ClassName=Actuators Member=Component TP5 TP
