Added Component: Designator=D2(TVS)
Add component. Clean all parameters for all variants
Add component (AddParameter): Name = "Manufacturer 1"; Value = "Toshiba Semiconductor and Storage"; VariantName = "[No Variations]"
Add component (AddParameter): Name = "Manufacturer Part Number 1"; Value = "DF2B26M4SL,L3F"; VariantName = "[No Variations]"
Added Pin To Net: NetName=Vin Pin=D2-1
Added Pin To Net: NetName=COM Pin=D2-2
Added Member To Class: ClassName=05-Alarm Member=Component B1 Buzzer
Added Member To Class: ClassName=01-Power Member=Component C1 0.1uF
Added Member To Class: ClassName=01-Power Member=Component C2 47uF
Added Member To Class: ClassName=01-Power Member=Component C3 10uF
Added Member To Class: ClassName=01-Power Member=Component C4 22uF
Added Member To Class: ClassName=01-Power Member=Component C5 22uF
Added Member To Class: ClassName=02-MCU Member=Component C6 0.1uF
Added Member To Class: ClassName=02-MCU Member=Component C7 0.1uF
Added Member To Class: ClassName=02-MCU Member=Component C8 0.1uF
Added Member To Class: ClassName=02-MCU Member=Component C9 0.1uF
Added Member To Class: ClassName=02-MCU Member=Component C10 0.1uF
Added Member To Class: ClassName=02-MCU Member=Component C11 2.2uF
Added Member To Class: ClassName=02-MCU Member=Component C12 0.1uF
Added Member To Class: ClassName=02-MCU Member=Component C13 0.1uF
Added Member To Class: ClassName=02-MCU Member=Component C14 0.1uF
Added Member To Class: ClassName=02-MCU Member=Component C15 0.1uF
Added Member To Class: ClassName=02-MCU Member=Component C16 0.1uF
Added Member To Class: ClassName=01-Power Member=Component C17 0.33uF
Added Member To Class: ClassName=02-MCU Member=Component C18 0.1uF
Added Member To Class: ClassName=02-MCU Member=Component C19 0.1uF
Added Member To Class: ClassName=02-MCU Member=Component C20 0.1uF
Added Member To Class: ClassName=02-MCU Member=Component C21 0.1uF
Added Member To Class: ClassName=02-MCU Member=Component C22 4.7uF
Added Member To Class: ClassName=02-MCU Member=Component C23 2.2uF
Added Member To Class: ClassName=02-MCU Member=Component C24 0.1uF
Added Member To Class: ClassName=02-MCU Member=Component C25 0.1uF
Added Member To Class: ClassName=02-MCU Member=Component C26 1uF
Added Member To Class: ClassName=01-Power Member=Component C27 47uF
Added Member To Class: ClassName=01-Power Member=Component C28 470uF
Added Member To Class: ClassName=06-User Interface Member=Component C29 0.1uF
Added Member To Class: ClassName=06-User Interface Member=Component C30 10uF
Added Member To Class: ClassName=06-User Interface Member=Component C31 10uF
Added Member To Class: ClassName=01-Power Member=Component C39 0.1uF
Added Member To Class: ClassName=04-Sensors Member=Component C43 0.1uF
Added Member To Class: ClassName=04-Sensors Member=Component C44 0.1uF
Added Member To Class: ClassName=04-Sensors Member=Component C45 0.1uF
Added Member To Class: ClassName=04-Sensors Member=Component C46 0.1uF
Added Member To Class: ClassName=04-Sensors Member=Component C47 0.1uF
Added Member To Class: ClassName=04-Sensors Member=Component C48 0.1uF
Added Member To Class: ClassName=04-Sensors Member=Component C49 0.1uF
Added Member To Class: ClassName=04-Sensors Member=Component C50 0.1uF
Added Member To Class: ClassName=04-Sensors Member=Component C51 0.1uF
Added Member To Class: ClassName=04-Sensors Member=Component C52 0.1uF
Added Member To Class: ClassName=06-User Interface Member=Component C53 0.1uF
Added Member To Class: ClassName=06-User Interface Member=Component C54 0.1uF
Added Member To Class: ClassName=06-User Interface Member=Component C55 0.1uF
Added Member To Class: ClassName=06-User Interface Member=Component C56 0.1uF
Added Member To Class: ClassName=06-User Interface Member=Component C57 0.1uF
Added Member To Class: ClassName=06-User Interface Member=Component C58 0.1uF
Added Member To Class: ClassName=06-User Interface Member=Component C59 0.1uF
Added Member To Class: ClassName=06-User Interface Member=Component C60 0.1uF
Added Member To Class: ClassName=04-Sensors Member=Component C61 0.1uF
Added Member To Class: ClassName=04-Sensors Member=Component C62 0.1uF
Added Member To Class: ClassName=01-Power Member=Component D1 SK520TR
Added Member To Class: ClassName=01-Power Member=Component D2 DF2B26M4SL,L3F
Added Member To Class: ClassName=02-MCU Member=Component D3 ESDALC6V1-1U2
Added Member To Class: ClassName=01-Power Member=Component D4 SK520TR
Added Member To Class: ClassName=03-Actuators Member=Component D5 SK520TR
Added Member To Class: ClassName=01-Power Member=Component D6 SK520TR
Added Member To Class: ClassName=02-MCU Member=Component IC1 STM32F401VCT6
Added Member To Class: ClassName=02-MCU Member=Component IC2 ESDALC6V1W5
Added Member To Class: ClassName=03-Actuators Member=Component IC3 LTV-847S
Added Member To Class: ClassName=01-Power Member=Component IC4 UA78L12ACD
Added Member To Class: ClassName=04-Sensors Member=Component IC5 IA
Added Member To Class: ClassName=04-Sensors Member=Component IC6 DIFF_SENSOR
Added Member To Class: ClassName=04-Sensors Member=Component IC7 50KPA
Added Member To Class: ClassName=04-Sensors Member=Component IC8 100KPA
Added Member To Class: ClassName=04-Sensors Member=Component IC9 IA
Added Member To Class: ClassName=04-Sensors Member=Component IC10 IA
Added Member To Class: ClassName=06-User Interface Member=Component IC11 LCD
Added Member To Class: ClassName=06-User Interface Member=Component IC12 LMC7660IM_NOPB
Added Member To Class: ClassName=01-Power Member=Component J1 2POS TERM
Added Member To Class: ClassName=01-Power Member=Component J2 2POS TERM
Added Member To Class: ClassName=02-MCU Member=Component J3 Header 6
Added Member To Class: ClassName=03-Actuators Member=Component J4 2POS TERM
Added Member To Class: ClassName=03-Actuators Member=Component J9 2POS TERM
Added Member To Class: ClassName=03-Actuators Member=Component J10 2POS TERM
Added Member To Class: ClassName=03-Actuators Member=Component J11 2POS TERM
Added Member To Class: ClassName=03-Actuators Member=Component J12 2POS TERM
Added Member To Class: ClassName=01-Power Member=Component L1 3.9uH
Added Member To Class: ClassName=02-MCU Member=Component L2 FERRITE
Added Member To Class: ClassName=01-Power Member=Component LED1 GREEN
Added Member To Class: ClassName=02-MCU Member=Component LED2 GREEN
Added Member To Class: ClassName=02-MCU Member=Component LED3 RED
Added Member To Class: ClassName=05-Alarm Member=Component LED4 RED
Added Member To Class: ClassName=02-MCU Member=Component P1 Header 13
Added Member To Class: ClassName=01-Power Member=Component PS1 AP63203WU-7
Added Member To Class: ClassName=01-Power Member=Component PS2 Isolated PS
Added Member To Class: ClassName=05-Alarm Member=Component Q1 ="Part Number"
Added Member To Class: ClassName=05-Alarm Member=Component Q2 ="Part Number"
Added Member To Class: ClassName=01-Power Member=Component R1 200R0
Added Member To Class: ClassName=02-MCU Member=Component R2 0R0
Added Member To Class: ClassName=02-MCU Member=Component R3 10K
Added Member To Class: ClassName=02-MCU Member=Component R4 0R0
Added Member To Class: ClassName=01-Power Member=Component R5 0R0
Added Member To Class: ClassName=02-MCU Member=Component R6 47R0
Added Member To Class: ClassName=02-MCU Member=Component R7 0R0
Added Member To Class: ClassName=02-MCU Member=Component R8 10K
Added Member To Class: ClassName=02-MCU Member=Component R9 10K
Added Member To Class: ClassName=02-MCU Member=Component R10 10K
Added Member To Class: ClassName=02-MCU Member=Component R11 200R0
Added Member To Class: ClassName=02-MCU Member=Component R12 200R0
Added Member To Class: ClassName=05-Alarm Member=Component R13 200R0
Added Member To Class: ClassName=05-Alarm Member=Component R14 20R0
Added Member To Class: ClassName=05-Alarm Member=Component R15 20R0
Added Member To Class: ClassName=05-Alarm Member=Component R16 20R0
Added Member To Class: ClassName=05-Alarm Member=Component R17 1K2
Added Member To Class: ClassName=03-Actuators Member=Component R18 200R0
Added Member To Class: ClassName=03-Actuators Member=Component R19 200R0
Added Member To Class: ClassName=03-Actuators Member=Component R20 200R0
Added Member To Class: ClassName=03-Actuators Member=Component R21 200R0
Added Member To Class: ClassName=03-Actuators Member=Component R22 200R0
Added Member To Class: ClassName=03-Actuators Member=Component R23 200R0
Added Member To Class: ClassName=03-Actuators Member=Component R24 200R0
Added Member To Class: ClassName=03-Actuators Member=Component R25 200R0
Added Member To Class: ClassName=02-MCU Member=Component R26 10K
Added Member To Class: ClassName=01-Power Member=Component R27 0R0
Added Member To Class: ClassName=04-Sensors Member=Component R28 100K
Added Member To Class: ClassName=04-Sensors Member=Component R29 0R0
Added Member To Class: ClassName=04-Sensors Member=Component R30 0R0
Added Member To Class: ClassName=04-Sensors Member=Component R31 100K
Added Member To Class: ClassName=04-Sensors Member=Component R32 100K
Added Member To Class: ClassName=04-Sensors Member=Component R33 0R0
Added Member To Class: ClassName=04-Sensors Member=Component R34 0R0
Added Member To Class: ClassName=04-Sensors Member=Component R35 100K
Added Member To Class: ClassName=04-Sensors Member=Component R36 0R0
Added Member To Class: ClassName=04-Sensors Member=Component R37 0R0
Added Member To Class: ClassName=04-Sensors Member=Component R38 100K
Added Member To Class: ClassName=06-User Interface Member=Component R39 0R0
Added Member To Class: ClassName=04-Sensors Member=Component R41 100K
Added Member To Class: ClassName=02-MCU Member=Component R44 200R0
Added Member To Class: ClassName=06-User Interface Member=Component R45 200R0
Added Member To Class: ClassName=06-User Interface Member=Component R46 200R0
Added Member To Class: ClassName=06-User Interface Member=Component R47 200R0
Added Member To Class: ClassName=06-User Interface Member=Component R48 200R0
Added Member To Class: ClassName=06-User Interface Member=Component R49 200R0
Added Member To Class: ClassName=06-User Interface Member=Component R50 200R0
Added Member To Class: ClassName=01-Power Member=Component RE1 RELAY-SPDT
Added Member To Class: ClassName=03-Actuators Member=Component RE2 RELAY-SPST
Added Member To Class: ClassName=02-MCU Member=Component SW1 Tactle switch
Added Member To Class: ClassName=06-User Interface Member=Component SW2 Tactle switch_1
Added Member To Class: ClassName=06-User Interface Member=Component SW3 Tactle switch_1
Added Member To Class: ClassName=06-User Interface Member=Component SW4 Tactle switch_1
Added Member To Class: ClassName=06-User Interface Member=Component SW5 Tactle switch_1
Added Member To Class: ClassName=06-User Interface Member=Component SW6 Tactle switch_1
Added Member To Class: ClassName=06-User Interface Member=Component SW7 Tactle switch_1
Added Member To Class: ClassName=01-Power Member=Component TP1 TP
Added Member To Class: ClassName=01-Power Member=Component TP2 TP
Added Member To Class: ClassName=01-Power Member=Component TP3 TP
Added Member To Class: ClassName=01-Power Member=Component TP4 TP
Added Member To Class: ClassName=03-Actuators Member=Component TP5 TP
Added Member To Class: ClassName=01-Power Member=Component TP6 TP
Added Member To Class: ClassName=04-Sensors Member=Component TP7 TP
Added Member To Class: ClassName=04-Sensors Member=Component TP8 TP
Added Member To Class: ClassName=04-Sensors Member=Component TP9 TP
Added Member To Class: ClassName=06-User Interface Member=Component TP10 TP
Added Member To Class: ClassName=06-User Interface Member=Component TP11 TP
Added Member To Class: ClassName=06-User Interface Member=Component TP12 TP
Added Member To Class: ClassName=03-Actuators Member=Component U1 NUD3124LT1G
Added Member To Class: ClassName=06-User Interface Member=Component Y1 2KHZ
