Added Parameter Manufacturer Part Number 1=15 AWG WIRE to Part M4
Added Parameter Manufacturer Part Number 1=4251K71 to Part M2
Added Parameter Manufacturer Part Number 1=2150000 to Part M34
Added Parameter Manufacturer Part Number 1=20021311-00020T4LF to Part M31
Added Parameter Manufacturer Part Number 1=A-PC2302-030021-1 to Part M32
Added Parameter Manufacturer Part Number 1=KMH-0,5 to Part M25
Added Parameter Manufacturer Part Number 1=KMH-0,5 to Part M26
Added Parameter Manufacturer Part Number 1=KMH-0,5 to Part M27
Added Parameter Manufacturer Part Number 1=KMH-0,5 to Part M28
Added Parameter Manufacturer Part Number 1=MHP1-AS-2-M3 to Part M5
Added Parameter Manufacturer Part Number 1=MHP1-AS-2-M3 to Part M6
Added Parameter Manufacturer Part Number 1=MHP1-AS-3-M3 to Part M17
Added Parameter Manufacturer Part Number 1=MHP1-AS-3-M3 to Part M18
Added Parameter Manufacturer Part Number 1=MHP1-M4H-2/2G-M3-TC to Part M11
Added Parameter Manufacturer Part Number 1=MHP1-M4H-2/2G-M3-TC to Part M12
Added Parameter Manufacturer Part Number 1=MHP1-M4H-3/2GM3-TC to Part M23
Added Parameter Manufacturer Part Number 1=MHP1-M4H-3/2GM3-TC to Part M24
Added Parameter Manufacturer Part Number 1=PS-12750S to Part M33
Added Parameter Manufacturer Part Number 1=PUN-H-4X0,75-BL to Part M30
Added Parameter Manufacturer Part Number 1=QS-1/4-4 to Part M7
Added Parameter Manufacturer Part Number 1=QS-1/4-4 to Part M8
Added Parameter Manufacturer Part Number 1=QS-1/4-4 to Part M9
Added Parameter Manufacturer Part Number 1=QS-1/4-4 to Part M10
Added Parameter Manufacturer Part Number 1=QSM-M3-4-I to Part M13
Added Parameter Manufacturer Part Number 1=QSM-M3-4-I to Part M14
Added Parameter Manufacturer Part Number 1=QSM-M3-4-I to Part M15
Added Parameter Manufacturer Part Number 1=QSM-M3-4-I to Part M16
Added Parameter Manufacturer Part Number 1=QSM-M3-4-I to Part M19
Added Parameter Manufacturer Part Number 1=QSM-M3-4-I to Part M20
Added Parameter Manufacturer Part Number 1=QSM-M3-4-I to Part M21
Added Parameter Manufacturer Part Number 1=QSM-M3-4-I to Part M22
Added Parameter Manufacturer Part Number 1=QSY-8-4 to Part M29
Added Parameter Manufacturer Part Number 1=VXA1014-2 to Part M35
